#
# A fatal error has been detected by the Java Runtime Environment:
#
#  Internal Error (safepoint.cpp:691), pid=3280, tid=0x0000000000004110
#  fatal error: Deadlock in safepoint code.  Should have called back to the VM before blocking.
#
# JRE version: Java(TM) SE Runtime Environment (8.0_301-b09) (build 1.8.0_301-b09)
# Java VM: Java HotSpot(TM) 64-Bit Server VM (25.301-b09 mixed mode windows-amd64 compressed oops)
# Failed to write core dump. Minidumps are not enabled by default on client versions of Windows
#
# If you would like to submit a bug report, please visit:
#   http://bugreport.java.com/bugreport/crash.jsp
#

---------------  T H R E A D  ---------------

Current thread (0x00000297ff730800):  JavaThread "JavaFX Application Thread" [_thread_in_native_trans, id=16656, stack(0x000000be51d00000,0x000000be51e00000)]

Stack: [0x000000be51d00000,0x000000be51e00000]
Native frames: (J=compiled Java code, j=interpreted, Vv=VM code, C=native code)
V  [jvm.dll+0x32ed79]
V  [jvm.dll+0x275722]
V  [jvm.dll+0x2763cd]
V  [jvm.dll+0x26c9f6]
V  [jvm.dll+0x221e1a]
V  [jvm.dll+0x237eec]
V  [jvm.dll+0x14e7b7]
C  [glass.dll+0x508c]
C  [glass.dll+0x9dd1]
C  [glass.dll+0xa204]
C  [glass.dll+0x17bb]
C  [USER32.dll+0x18241]
C  [USER32.dll+0x17d01]
C  [glass.dll+0xa6bd]
C  0x00000297ebda9fae

Java frames: (J=compiled Java code, j=interpreted, Vv=VM code)
j  com.sun.glass.ui.win.WinApplication._runLoop(Ljava/lang/Runnable;)V+0
j  com.sun.glass.ui.win.WinApplication.lambda$null$4(ILjava/lang/Runnable;)V+8
j  com.sun.glass.ui.win.WinApplication$$Lambda$38.run()V+12
j  java.lang.Thread.run()V+11
v  ~StubRoutines::call_stub

---------------  P R O C E S S  ---------------

Java Threads: ( => current thread )
  0x00000297ffe84800 JavaThread "Prism Font Disposer" daemon [_thread_blocked, id=20448, stack(0x000000be52700000,0x000000be52800000)]
  0x00000297ff947800 JavaThread "Abandoned connection cleanup thread" daemon [_thread_blocked, id=1632, stack(0x000000be52300000,0x000000be52400000)]
  0x00000297ff934800 JavaThread "Thread-3" daemon [_thread_blocked, id=8736, stack(0x000000be52100000,0x000000be52200000)]
  0x00000297ff96f800 JavaThread "JavaFX-Launcher" [_thread_blocked, id=20268, stack(0x000000be52200000,0x000000be52300000)]
=>0x00000297ff730800 JavaThread "JavaFX Application Thread" [_thread_in_native_trans, id=16656, stack(0x000000be51d00000,0x000000be51e00000)]
  0x00000297ff72c000 JavaThread "Thread-1" daemon [_thread_blocked, id=17004, stack(0x000000be51c00000,0x000000be51d00000)]
  0x00000297ff37a800 JavaThread "QuantumRenderer-0" daemon [_thread_blocked, id=9224, stack(0x000000be51b00000,0x000000be51c00000)]
  0x00000297fefd0800 JavaThread "Service Thread" daemon [_thread_blocked, id=14312, stack(0x000000be51900000,0x000000be51a00000)]
  0x00000297fdbfb800 JavaThread "C1 CompilerThread3" daemon [_thread_blocked, id=11536, stack(0x000000be51800000,0x000000be51900000)]
  0x00000297fdbfa800 JavaThread "C2 CompilerThread2" daemon [_thread_blocked, id=10448, stack(0x000000be51700000,0x000000be51800000)]
  0x00000297fdbf8800 JavaThread "C2 CompilerThread1" daemon [_thread_blocked, id=20140, stack(0x000000be51600000,0x000000be51700000)]
  0x00000297fdbf4800 JavaThread "C2 CompilerThread0" daemon [_thread_blocked, id=2088, stack(0x000000be51500000,0x000000be51600000)]
  0x00000297fdbf1800 JavaThread "Attach Listener" daemon [_thread_blocked, id=17152, stack(0x000000be51400000,0x000000be51500000)]
  0x00000297fdbf0000 JavaThread "Signal Dispatcher" daemon [_thread_blocked, id=7524, stack(0x000000be51300000,0x000000be51400000)]
  0x00000297fdbd0800 JavaThread "Finalizer" daemon [_thread_blocked, id=3828, stack(0x000000be51200000,0x000000be51300000)]
  0x00000297fdbc9800 JavaThread "Reference Handler" daemon [_thread_blocked, id=17444, stack(0x000000be51100000,0x000000be51200000)]
  0x00000297ea482800 JavaThread "main" [_thread_blocked, id=16204, stack(0x000000be50700000,0x000000be50800000)]

Other Threads:
  0x00000297fdba3000 VMThread [stack: 0x000000be51000000,0x000000be51100000] [id=17572]
  0x00000297fdc7b800 WatcherThread [stack: 0x000000be51a00000,0x000000be51b00000] [id=16016]

VM state:synchronizing (normal execution)

VM Mutex/Monitor currently owned by a thread:  ([mutex/lock_event])
[0x00000297ea47edd0] Threads_lock - owner thread: 0x00000297fdba3000

heap address: 0x00000006c2800000, size: 4056 MB, Compressed Oops mode: Zero based, Oop shift amount: 3
Narrow klass base: 0x0000000000000000, Narrow klass shift: 3
Compressed class space size: 1073741824 Address: 0x00000007c0000000

Heap:
 PSYoungGen      total 75776K, used 49569K [0x000000076b800000, 0x0000000770c80000, 0x00000007c0000000)
  eden space 65024K, 76% used [0x000000076b800000,0x000000076e868598,0x000000076f780000)
  from space 10752K, 0% used [0x0000000770200000,0x0000000770200000,0x0000000770c80000)
  to   space 10752K, 0% used [0x000000076f780000,0x000000076f780000,0x0000000770200000)
 ParOldGen       total 173568K, used 0K [0x00000006c2800000, 0x00000006cd180000, 0x000000076b800000)
  object space 173568K, 0% used [0x00000006c2800000,0x00000006c2800000,0x00000006cd180000)
 Metaspace       used 19886K, capacity 20706K, committed 20864K, reserved 1067008K
  class space    used 2710K, capacity 2914K, committed 2944K, reserved 1048576K

Card table byte_map: [0x00000297fb150000,0x00000297fb940000] byte_map_base: 0x00000297f7b3c000

Marking Bits: (ParMarkBitMap*) 0x00000000653e7fe0
 Begin Bits: [0x0000029780000000, 0x0000029783f60000)
 End Bits:   [0x0000029783f60000, 0x0000029787ec0000)

Polling page: 0x00000297ea5b0000

CodeCache: size=245760Kb used=7238Kb max_used=7272Kb free=238521Kb
 bounds [0x00000297ebd90000, 0x00000297ec4b0000, 0x00000297fad90000]
 total_blobs=3050 nmethods=2326 adapters=636
 compilation: enabled

Compilation events (10 events):
Event: 56.694 Thread 0x00000297fdbfb800 nmethod 2319 0x00000297ec48ba50 code [0x00000297ec48bbe0, 0x00000297ec48c080]
Event: 56.694 Thread 0x00000297fdbfb800 2323       3       java.util.Objects::equals (23 bytes)
Event: 56.694 Thread 0x00000297fdbfb800 nmethod 2323 0x00000297ec491150 code [0x00000297ec4912c0, 0x00000297ec491590]
Event: 56.709 Thread 0x00000297fdbfb800 2324       3       sun.nio.cs.UTF_8$Encoder::encodeArrayLoop (489 bytes)
Event: 56.711 Thread 0x00000297fdbfb800 nmethod 2324 0x00000297ec491650 code [0x00000297ec491bc0, 0x00000297ec495230]
Event: 56.711 Thread 0x00000297fdbfb800 2326       3       java.io.BufferedWriter::ensureOpen (18 bytes)
Event: 56.712 Thread 0x00000297fdbfb800 nmethod 2326 0x00000297ec490cd0 code [0x00000297ec490e40, 0x00000297ec491090]
Event: 56.712 Thread 0x00000297fdbfb800 2325       1       sun.nio.cs.StreamEncoder::isOpen (5 bytes)
Event: 56.712 Thread 0x00000297fdbfb800 nmethod 2325 0x00000297ec490a10 code [0x00000297ec490b60, 0x00000297ec490c78]
Event: 56.789 Thread 0x00000297fdbfa800 nmethod 2300 0x00000297ec49e810 code [0x00000297ec49edc0, 0x00000297ec4a44b8]

GC Heap History (0 events):
No events

Deoptimization events (10 events):
Event: 0.726 Thread 0x00000297ff730800 Uncommon trap: reason=class_check action=maybe_recompile pc=0x00000297ebf14590 method=java.lang.String.equals(Ljava/lang/Object;)Z @ 8
Event: 0.726 Thread 0x00000297ff730800 Uncommon trap: reason=class_check action=maybe_recompile pc=0x00000297ebf14590 method=java.lang.String.equals(Ljava/lang/Object;)Z @ 8
Event: 0.729 Thread 0x00000297ff730800 Uncommon trap: reason=class_check action=maybe_recompile pc=0x00000297ebf14590 method=java.lang.String.equals(Ljava/lang/Object;)Z @ 8
Event: 0.755 Thread 0x00000297ff730800 Uncommon trap: reason=unstable_if action=reinterpret pc=0x00000297ec0be450 method=java.lang.String.regionMatches(ZILjava/lang/String;II)Z @ 123
Event: 0.841 Thread 0x00000297ff730800 Uncommon trap: reason=unstable_if action=reinterpret pc=0x00000297ec0ccc58 method=jdk.internal.org.objectweb.asm.Type.getArgumentsAndReturnSizes(Ljava/lang/String;)I @ 47
Event: 3.300 Thread 0x00000297ff730800 Uncommon trap: reason=class_check action=maybe_recompile pc=0x00000297ec1bd2b0 method=java.io.FilterInputStream.read()I @ 4
Event: 3.300 Thread 0x00000297ff730800 Uncommon trap: reason=class_check action=maybe_recompile pc=0x00000297ec1bd2b0 method=java.io.FilterInputStream.read()I @ 4
Event: 3.300 Thread 0x00000297ff730800 Uncommon trap: reason=class_check action=maybe_recompile pc=0x00000297ec1bd2b0 method=java.io.FilterInputStream.read()I @ 4
Event: 3.300 Thread 0x00000297ff730800 Uncommon trap: reason=class_check action=maybe_recompile pc=0x00000297ec1bd2b0 method=java.io.FilterInputStream.read()I @ 4
Event: 6.045 Thread 0x00000297ff730800 Uncommon trap: reason=class_check action=maybe_recompile pc=0x00000297ec2ead0c method=javafx.scene.Node.updateLocalToParentTransform()V @ 11

Classes redefined (0 events):
No events

Internal exceptions (10 events):
Event: 0.611 Thread 0x00000297ff730800 Exception <a 'java/lang/ArrayIndexOutOfBoundsException'> (0x000000076d513318) thrown at [C:\jenkins\workspace\8-2-build-windows-amd64-cygwin\jdk8u301\1513\hotspot\src\share\vm\runtime\sharedRuntime.cpp, line 609]
Event: 0.643 Thread 0x00000297ff730800 Exception <a 'java/io/FileNotFoundException'> (0x000000076d6898b8) thrown at [C:\jenkins\workspace\8-2-build-windows-amd64-cygwin\jdk8u301\1513\hotspot\src\share\vm\prims\jni.cpp, line 710]
Event: 0.646 Thread 0x00000297ff730800 Exception <a 'java/io/FileNotFoundException'> (0x000000076d6bf4d8) thrown at [C:\jenkins\workspace\8-2-build-windows-amd64-cygwin\jdk8u301\1513\hotspot\src\share\vm\prims\jni.cpp, line 710]
Event: 0.648 Thread 0x00000297ff730800 Exception <a 'java/lang/ArrayIndexOutOfBoundsException'> (0x000000076d6d9fa8) thrown at [C:\jenkins\workspace\8-2-build-windows-amd64-cygwin\jdk8u301\1513\hotspot\src\share\vm\runtime\sharedRuntime.cpp, line 609]
Event: 0.650 Thread 0x00000297ff730800 Exception <a 'java/io/FileNotFoundException'> (0x000000076d6e6868) thrown at [C:\jenkins\workspace\8-2-build-windows-amd64-cygwin\jdk8u301\1513\hotspot\src\share\vm\prims\jni.cpp, line 710]
Event: 56.691 Thread 0x00000297ff730800 Exception <a 'java/lang/NullPointerException'> (0x000000076e795d68) thrown at [C:\jenkins\workspace\8-2-build-windows-amd64-cygwin\jdk8u301\1513\hotspot\src\share\vm\interpreter\linkResolver.cpp, line 1185]
Event: 56.692 Thread 0x00000297ff730800 Exception <a 'java/lang/reflect/InvocationTargetException'> (0x000000076e796158) thrown at [C:\jenkins\workspace\8-2-build-windows-amd64-cygwin\jdk8u301\1513\hotspot\src\share\vm\runtime\reflection.cpp, line 1092]
Event: 56.692 Thread 0x00000297ff730800 Exception <a 'java/lang/RuntimeException'> (0x000000076e796948) thrown at [C:\jenkins\workspace\8-2-build-windows-amd64-cygwin\jdk8u301\1513\hotspot\src\share\vm\prims\jvm.cpp, line 1527]
Event: 56.710 Thread 0x00000297ff730800 Implicit null exception at 0x00000297ec226cdf to 0x00000297ec227241
Event: 56.710 Thread 0x00000297ff730800 Exception <a 'java/lang/NullPointerException'> (0x000000076e7b0220) thrown at [C:\jenkins\workspace\8-2-build-windows-amd64-cygwin\jdk8u301\1513\hotspot\src\share\vm\runtime\sharedRuntime.cpp, line 609]

Events (10 events):
Event: 56.673 loading class javafx/scene/layout/VBox$StyleableProperties
Event: 56.673 loading class javafx/scene/layout/VBox$StyleableProperties done
Event: 56.674 loading class javafx/scene/layout/VBox$StyleableProperties$1
Event: 56.674 loading class javafx/scene/layout/VBox$StyleableProperties$1 done
Event: 56.674 loading class javafx/scene/layout/VBox$StyleableProperties$2
Event: 56.674 loading class javafx/scene/layout/VBox$StyleableProperties$2 done
Event: 56.674 loading class javafx/scene/layout/VBox$StyleableProperties$3
Event: 56.674 loading class javafx/scene/layout/VBox$StyleableProperties$3 done
Event: 56.692 loading class java/lang/Throwable$WrappedPrintStream
Event: 56.692 loading class java/lang/Throwable$WrappedPrintStream done


Dynamic libraries:
0x00007ff6f2800000 - 0x00007ff6f2847000 	C:\Program Files\Java\jdk1.8.0_301\bin\java.exe
0x00007ffc722f0000 - 0x00007ffc72507000 	C:\WINDOWS\SYSTEM32\ntdll.dll
0x00007ffc71640000 - 0x00007ffc71704000 	C:\WINDOWS\System32\KERNEL32.DLL
0x00007ffc6f6f0000 - 0x00007ffc6fa96000 	C:\WINDOWS\System32\KERNELBASE.dll
0x00007ffc71340000 - 0x00007ffc713f0000 	C:\WINDOWS\System32\ADVAPI32.dll
0x00007ffc71cc0000 - 0x00007ffc71d67000 	C:\WINDOWS\System32\msvcrt.dll
0x00007ffc71290000 - 0x00007ffc71336000 	C:\WINDOWS\System32\sechost.dll
0x00007ffc719e0000 - 0x00007ffc71af7000 	C:\WINDOWS\System32\RPCRT4.dll
0x00007ffc72100000 - 0x00007ffc722ad000 	C:\WINDOWS\System32\USER32.dll
0x00007ffc6fe10000 - 0x00007ffc6fe36000 	C:\WINDOWS\System32\win32u.dll
0x00007ffc70380000 - 0x00007ffc703a9000 	C:\WINDOWS\System32\GDI32.dll
0x00007ffc6fbc0000 - 0x00007ffc6fcd8000 	C:\WINDOWS\System32\gdi32full.dll
0x00007ffc6ffb0000 - 0x00007ffc7004a000 	C:\WINDOWS\System32\msvcp_win.dll
0x00007ffc6faa0000 - 0x00007ffc6fbb1000 	C:\WINDOWS\System32\ucrtbase.dll
0x00007ffc5b000000 - 0x00007ffc5b293000 	C:\WINDOWS\WinSxS\amd64_microsoft.windows.common-controls_6595b64144ccf1df_6.0.22621.2361_none_2712ced57382f843\COMCTL32.dll
0x00007ffc702f0000 - 0x00007ffc70321000 	C:\WINDOWS\System32\IMM32.DLL
0x00007ffc67d20000 - 0x00007ffc67d35000 	C:\Program Files\Java\jdk1.8.0_301\jre\bin\vcruntime140.dll
0x00007ffbff6f0000 - 0x00007ffbff78b000 	C:\Program Files\Java\jdk1.8.0_301\jre\bin\msvcp140.dll
0x0000000064c00000 - 0x0000000065460000 	C:\Program Files\Java\jdk1.8.0_301\jre\bin\server\jvm.dll
0x00007ffc70830000 - 0x00007ffc70838000 	C:\WINDOWS\System32\PSAPI.DLL
0x00007ffc67b60000 - 0x00007ffc67b94000 	C:\WINDOWS\SYSTEM32\WINMM.dll
0x00007ffc53f30000 - 0x00007ffc53f39000 	C:\WINDOWS\SYSTEM32\WSOCK32.dll
0x00007ffc713f0000 - 0x00007ffc71461000 	C:\WINDOWS\System32\WS2_32.dll
0x00007ffc67f80000 - 0x00007ffc67f8a000 	C:\WINDOWS\SYSTEM32\VERSION.dll
0x00007ffc6e700000 - 0x00007ffc6e718000 	C:\WINDOWS\SYSTEM32\kernel.appcore.dll
0x00007ffc67d10000 - 0x00007ffc67d20000 	C:\Program Files\Java\jdk1.8.0_301\jre\bin\verify.dll
0x00007ffc4cab0000 - 0x00007ffc4cadb000 	C:\Program Files\Java\jdk1.8.0_301\jre\bin\java.dll
0x00007ffc44200000 - 0x00007ffc44218000 	C:\Program Files\Java\jdk1.8.0_301\jre\bin\zip.dll
0x00007ffc708a0000 - 0x00007ffc710f8000 	C:\WINDOWS\System32\SHELL32.dll
0x00007ffc6d590000 - 0x00007ffc6de82000 	C:\WINDOWS\SYSTEM32\windows.storage.dll
0x00007ffc71d70000 - 0x00007ffc720fa000 	C:\WINDOWS\System32\combase.dll
0x00007ffc6d450000 - 0x00007ffc6d58e000 	C:\WINDOWS\SYSTEM32\wintypes.dll
0x00007ffc701f0000 - 0x00007ffc702e3000 	C:\WINDOWS\System32\SHCORE.dll
0x00007ffc718d0000 - 0x00007ffc7192e000 	C:\WINDOWS\System32\shlwapi.dll
0x00007ffc6f5a0000 - 0x00007ffc6f5c6000 	C:\WINDOWS\SYSTEM32\profapi.dll
0x00000297ff3c0000 - 0x00000297ff3c3000 	C:\Program Files\Java\jdk1.8.0_301\jre\bin\api-ms-win-core-console-l1-1-0.dll
0x00000297ff3d0000 - 0x00000297ff3d3000 	C:\Program Files\Java\jdk1.8.0_301\jre\bin\api-ms-win-core-console-l1-2-0.dll
0x00000297ff3e0000 - 0x00000297ff3e3000 	C:\Program Files\Java\jdk1.8.0_301\jre\bin\api-ms-win-core-datetime-l1-1-0.dll
0x00000297ff3f0000 - 0x00000297ff3f3000 	C:\Program Files\Java\jdk1.8.0_301\jre\bin\api-ms-win-core-debug-l1-1-0.dll
0x00000297ff400000 - 0x00000297ff403000 	C:\Program Files\Java\jdk1.8.0_301\jre\bin\api-ms-win-core-errorhandling-l1-1-0.dll
0x00000297ff410000 - 0x00000297ff414000 	C:\Program Files\Java\jdk1.8.0_301\jre\bin\api-ms-win-core-file-l1-1-0.dll
0x00000297ff420000 - 0x00000297ff423000 	C:\Program Files\Java\jdk1.8.0_301\jre\bin\api-ms-win-core-file-l1-2-0.dll
0x00000297ff430000 - 0x00000297ff433000 	C:\Program Files\Java\jdk1.8.0_301\jre\bin\api-ms-win-core-file-l2-1-0.dll
0x00000297ff440000 - 0x00000297ff443000 	C:\Program Files\Java\jdk1.8.0_301\jre\bin\api-ms-win-core-handle-l1-1-0.dll
0x00000297ff450000 - 0x00000297ff453000 	C:\Program Files\Java\jdk1.8.0_301\jre\bin\api-ms-win-core-heap-l1-1-0.dll
0x00000297ff460000 - 0x00000297ff463000 	C:\Program Files\Java\jdk1.8.0_301\jre\bin\api-ms-win-core-interlocked-l1-1-0.dll
0x00000297ff470000 - 0x00000297ff473000 	C:\Program Files\Java\jdk1.8.0_301\jre\bin\api-ms-win-core-libraryloader-l1-1-0.dll
0x00000297ff480000 - 0x00000297ff483000 	C:\Program Files\Java\jdk1.8.0_301\jre\bin\api-ms-win-core-localization-l1-2-0.dll
0x00000297ff490000 - 0x00000297ff493000 	C:\Program Files\Java\jdk1.8.0_301\jre\bin\api-ms-win-core-memory-l1-1-0.dll
0x00000297ff4a0000 - 0x00000297ff4a3000 	C:\Program Files\Java\jdk1.8.0_301\jre\bin\api-ms-win-core-namedpipe-l1-1-0.dll
0x00000297ff4b0000 - 0x00000297ff4b3000 	C:\Program Files\Java\jdk1.8.0_301\jre\bin\api-ms-win-core-processenvironment-l1-1-0.dll
0x00000297ff4c0000 - 0x00000297ff4c3000 	C:\Program Files\Java\jdk1.8.0_301\jre\bin\api-ms-win-core-processthreads-l1-1-0.dll
0x00000297ff4d0000 - 0x00000297ff4d3000 	C:\Program Files\Java\jdk1.8.0_301\jre\bin\api-ms-win-core-processthreads-l1-1-1.dll
0x00000297ff4e0000 - 0x00000297ff4e3000 	C:\Program Files\Java\jdk1.8.0_301\jre\bin\api-ms-win-core-profile-l1-1-0.dll
0x00000297ff4f0000 - 0x00000297ff4f3000 	C:\Program Files\Java\jdk1.8.0_301\jre\bin\api-ms-win-core-rtlsupport-l1-1-0.dll
0x00000297ff500000 - 0x00000297ff503000 	C:\Program Files\Java\jdk1.8.0_301\jre\bin\api-ms-win-core-string-l1-1-0.dll
0x00000297ff510000 - 0x00000297ff513000 	C:\Program Files\Java\jdk1.8.0_301\jre\bin\api-ms-win-core-synch-l1-1-0.dll
0x00000297ff520000 - 0x00000297ff523000 	C:\Program Files\Java\jdk1.8.0_301\jre\bin\api-ms-win-core-synch-l1-2-0.dll
0x00000297ff530000 - 0x00000297ff533000 	C:\Program Files\Java\jdk1.8.0_301\jre\bin\api-ms-win-core-sysinfo-l1-1-0.dll
0x00000297ff540000 - 0x00000297ff543000 	C:\Program Files\Java\jdk1.8.0_301\jre\bin\api-ms-win-core-timezone-l1-1-0.dll
0x00000297ff550000 - 0x00000297ff553000 	C:\Program Files\Java\jdk1.8.0_301\jre\bin\api-ms-win-core-util-l1-1-0.dll
0x00000297ff560000 - 0x00000297ff563000 	C:\Program Files\Java\jdk1.8.0_301\jre\bin\api-ms-win-crt-conio-l1-1-0.dll
0x00000297ff570000 - 0x00000297ff574000 	C:\Program Files\Java\jdk1.8.0_301\jre\bin\api-ms-win-crt-convert-l1-1-0.dll
0x00000297ff580000 - 0x00000297ff583000 	C:\Program Files\Java\jdk1.8.0_301\jre\bin\api-ms-win-crt-environment-l1-1-0.dll
0x00000297ff590000 - 0x00000297ff593000 	C:\Program Files\Java\jdk1.8.0_301\jre\bin\api-ms-win-crt-filesystem-l1-1-0.dll
0x00000297ff5a0000 - 0x00000297ff5a3000 	C:\Program Files\Java\jdk1.8.0_301\jre\bin\api-ms-win-crt-heap-l1-1-0.dll
0x00000297ff5b0000 - 0x00000297ff5b3000 	C:\Program Files\Java\jdk1.8.0_301\jre\bin\api-ms-win-crt-locale-l1-1-0.dll
0x00000297ff5c0000 - 0x00000297ff5c5000 	C:\Program Files\Java\jdk1.8.0_301\jre\bin\api-ms-win-crt-math-l1-1-0.dll
0x00000297ff5d0000 - 0x00000297ff5d5000 	C:\Program Files\Java\jdk1.8.0_301\jre\bin\api-ms-win-crt-multibyte-l1-1-0.dll
0x00000297ff5e0000 - 0x00000297ff5f0000 	C:\Program Files\Java\jdk1.8.0_301\jre\bin\api-ms-win-crt-private-l1-1-0.dll
0x00000297ff5f0000 - 0x00000297ff5f3000 	C:\Program Files\Java\jdk1.8.0_301\jre\bin\api-ms-win-crt-process-l1-1-0.dll
0x00000297ff600000 - 0x00000297ff604000 	C:\Program Files\Java\jdk1.8.0_301\jre\bin\api-ms-win-crt-runtime-l1-1-0.dll
0x00000297ff610000 - 0x00000297ff614000 	C:\Program Files\Java\jdk1.8.0_301\jre\bin\api-ms-win-crt-stdio-l1-1-0.dll
0x00000297ff620000 - 0x00000297ff624000 	C:\Program Files\Java\jdk1.8.0_301\jre\bin\api-ms-win-crt-string-l1-1-0.dll
0x00000297ff630000 - 0x00000297ff633000 	C:\Program Files\Java\jdk1.8.0_301\jre\bin\api-ms-win-crt-time-l1-1-0.dll
0x00000297ff640000 - 0x00000297ff643000 	C:\Program Files\Java\jdk1.8.0_301\jre\bin\api-ms-win-crt-utility-l1-1-0.dll
0x00007ffc43cd0000 - 0x00007ffc43dca000 	C:\Program Files\Java\jdk1.8.0_301\jre\bin\ucrtbase.dll
0x00007ffc6ac70000 - 0x00007ffc6ac7c000 	C:\Program Files\Java\jdk1.8.0_301\jre\bin\vcruntime140_1.dll
0x00007ffc6a560000 - 0x00007ffc6a583000 	C:\Program Files\Java\jdk1.8.0_301\jre\bin\prism_d3d.dll
0x00007ffc60200000 - 0x00007ffc603a9000 	C:\WINDOWS\system32\d3d9.dll
0x00007ffc6cc10000 - 0x00007ffc6cc3b000 	C:\WINDOWS\SYSTEM32\dwmapi.dll
0x00007ffc6c8d0000 - 0x00007ffc6c906000 	C:\WINDOWS\SYSTEM32\dxcore.dll
0x00007ffc6c7f0000 - 0x00007ffc6c89b000 	C:\WINDOWS\system32\uxtheme.dll
0x00007ffbff4e0000 - 0x00007ffbff645000 	C:\WINDOWS\System32\DriverStore\FileRepository\iigd_dch.inf_amd64_034e16382545a6a5\igdumdim64.dll
0x00007ffc70050000 - 0x00007ffc701ef000 	C:\WINDOWS\System32\ole32.dll
0x00007ffbeba40000 - 0x00007ffbef661000 	C:\WINDOWS\System32\DriverStore\FileRepository\iigd_dch.inf_amd64_034e16382545a6a5\igd9dxva64.dll
0x00007ffc71190000 - 0x00007ffc71267000 	C:\WINDOWS\System32\OLEAUT32.dll
0x00007ffc703b0000 - 0x00007ffc70824000 	C:\WINDOWS\System32\SETUPAPI.dll
0x00007ffc6f360000 - 0x00007ffc6f3ae000 	C:\WINDOWS\SYSTEM32\cfgmgr32.dll
0x00007ffc64010000 - 0x00007ffc643dd000 	C:\WINDOWS\System32\DriverStore\FileRepository\iigd_dch.inf_amd64_034e16382545a6a5\igdgmm64.dll
0x00007ffc6a4e0000 - 0x00007ffc6a52a000 	C:\WINDOWS\SYSTEM32\directxdatabasehelper.dll
0x00007ffc43c80000 - 0x00007ffc43cc2000 	C:\Program Files\Java\jdk1.8.0_301\jre\bin\glass.dll
0x00007ffc71b30000 - 0x00007ffc71c29000 	C:\WINDOWS\System32\COMDLG32.dll
0x00007ffc71470000 - 0x00007ffc715bc000 	C:\WINDOWS\System32\MSCTF.dll
0x00007ffc6f670000 - 0x00007ffc6f6ea000 	C:\WINDOWS\System32\bcryptPrimitives.dll
0x00007ffc67d40000 - 0x00007ffc67d67000 	C:\WINDOWS\System32\DriverStore\FileRepository\iigd_dch.inf_amd64_034e16382545a6a5\igdinfo64.dll
0x00007ffc612c0000 - 0x00007ffc64007000 	C:\WINDOWS\System32\DriverStore\FileRepository\iigd_dch.inf_amd64_034e16382545a6a5\igc64.dll
0x00007ffc432b0000 - 0x00007ffc432cc000 	C:\Program Files\Java\jdk1.8.0_301\jre\bin\net.dll
0x00007ffc6ebe0000 - 0x00007ffc6ec49000 	C:\WINDOWS\system32\mswsock.dll
0x00007ffc6e1d0000 - 0x00007ffc6e2c9000 	C:\WINDOWS\SYSTEM32\DNSAPI.dll
0x00007ffc6e1a0000 - 0x00007ffc6e1cd000 	C:\WINDOWS\SYSTEM32\IPHLPAPI.DLL
0x00007ffc71630000 - 0x00007ffc71639000 	C:\WINDOWS\System32\NSI.dll
0x00007ffc64e10000 - 0x00007ffc64e1a000 	C:\Windows\System32\rasadhlp.dll
0x00007ffc65140000 - 0x00007ffc651c4000 	C:\WINDOWS\System32\fwpuclnt.dll
0x00007ffc6a670000 - 0x00007ffc6a684000 	C:\Program Files\Java\jdk1.8.0_301\jre\bin\javafx_font.dll
0x00007ffc6b310000 - 0x00007ffc6b583000 	C:\WINDOWS\SYSTEM32\dwrite.dll
0x00007ffc71930000 - 0x00007ffc719e0000 	C:\WINDOWS\System32\clbcatq.dll
0x00007ffc6ac80000 - 0x00007ffc6ae30000 	C:\WINDOWS\SYSTEM32\WindowsCodecs.dll
0x00007ffc36960000 - 0x00007ffc369be000 	C:\WINDOWS\system32\dataexchange.dll
0x00007ffc66fa0000 - 0x00007ffc67225000 	C:\WINDOWS\system32\twinapi.appcore.dll
0x00007ffc43c40000 - 0x00007ffc43c72000 	C:\Program Files\Common Files\Microsoft Shared\Ink\rtscom.dll
0x00007ffc59de0000 - 0x00007ffc59f2a000 	C:\WINDOWS\SYSTEM32\textinputframework.dll
0x00007ffc6c450000 - 0x00007ffc6c583000 	C:\WINDOWS\SYSTEM32\CoreMessaging.dll
0x00007ffc69df0000 - 0x00007ffc6a15c000 	C:\WINDOWS\SYSTEM32\CoreUIComponents.dll
0x00007ffc6ee10000 - 0x00007ffc6ee1c000 	C:\WINDOWS\SYSTEM32\CRYPTBASE.DLL
0x00007ffc3ace0000 - 0x00007ffc3b125000 	C:\WINDOWS\SYSTEM32\UIAutomationCore.DLL
0x00007ffc48600000 - 0x00007ffc486aa000 	C:\Windows\System32\OneCoreCommonProxyStub.dll
0x00007ffc6a540000 - 0x00007ffc6a552000 	C:\Program Files\Java\jdk1.8.0_301\jre\bin\prism_common.dll
0x00007ffc6cf80000 - 0x00007ffc6d1ae000 	C:\WINDOWS\SYSTEM32\dbghelp.dll

VM Arguments:
jvm_args: -Dfile.encoding=UTF-8 
java_command: tn.edu.forgreenerindustry.gui.NewFXMain
java_class_path (initial): C:\Program Files\NetBeans 8.2\ide\modules\ext\mysql-connector-java-5.1.23-bin.jar;C:\Users\shadha\Desktop\interface\aaa 2\aaa\forgreenerindustry\build\classes
Launcher Type: SUN_STANDARD

Environment Variables:
JAVA_HOME=C:\Program files\JDK-17
PATH=C:\Program Files (x86)\VMware\VMware Player\bin\;C:\Program Files\Common Files\Oracle\Java\javapath;C:\Program Files (x86)\Common Files\Oracle\Java\javapath;C:\oraclexe\app\oracle\product\11.2.0\server\bin;C:\Windows\system32;C:\Windows;C:\Windows\System32\Wbem;C:\Windows\System32\WindowsPowerShell\v1.0\;C:\Windows\System32\OpenSSH\;C:\Program Files (x86)\NVIDIA Corporation\PhysX\Common;C:\Program Files\NVIDIA Corporation\NVIDIA NvDLISR;C:\WINDOWS\system32;C:\WINDOWS;C:\WINDOWS\System32\Wbem;C:\WINDOWS\System32\WindowsPowerShell\v1.0\;C:\WINDOWS\System32\OpenSSH\;C:\Program Files\Git\cmd;C:\Program Files (x86)\Windows Kits\10\Windows Performance Toolkit\;C:\composer;C:\Users\shadha\scoop\shims;C:\Users\shadha\AppData\Local\Microsoft\WindowsApps;C:\Users\shadha\AppData\Local\Programs\Microsoft VS Code\bin;C:\dart-sdk\bin;C:\src\flutter\bin;C:\Program Files\heroku\bin;C:\Program Files\JetBrains\IntelliJ IDEA 2023.2.1\bin;;C:\Program files\JDK-17\bin;C:\xampp\php;C:\Users\shadha\AppData\Roaming\Composer\vendor\bin
USERNAME=shadha
OS=Windows_NT
PROCESSOR_IDENTIFIER=Intel64 Family 6 Model 165 Stepping 2, GenuineIntel



---------------  S Y S T E M  ---------------

OS: Windows 10.0 , 64 bit Build 22621 (10.0.22621.2428)

CPU:total 8 (initial active 8) (4 cores per cpu, 2 threads per core) family 6 model 165 stepping 2, cmov, cx8, fxsr, mmx, sse, sse2, sse3, ssse3, sse4.1, sse4.2, popcnt, avx, avx2, aes, clmul, erms, 3dnowpref, lzcnt, ht, tsc, tscinvbit, bmi1, bmi2, adx

Memory: 4k page, physical 16611092k(8348512k free), swap 19756820k(9758720k free)

vm_info: Java HotSpot(TM) 64-Bit Server VM (25.301-b09) for windows-amd64 JRE (1.8.0_301-b09), built on Jun  9 2021 06:46:21 by "java_re" with MS VC++ 15.9 (VS2017)

time: Mon Oct 23 13:09:20 2023
timezone: W. Central Africa Standard Time
elapsed time: 58.372829 seconds (0d 0h 0m 58s)

