#
# A fatal error has been detected by the Java Runtime Environment:
#
#  Internal Error (safepoint.cpp:691), pid=2864, tid=0x00000000000053d8
#  fatal error: Deadlock in safepoint code.  Should have called back to the VM before blocking.
#
# JRE version: Java(TM) SE Runtime Environment (8.0_301-b09) (build 1.8.0_301-b09)
# Java VM: Java HotSpot(TM) 64-Bit Server VM (25.301-b09 mixed mode windows-amd64 compressed oops)
# Failed to write core dump. Minidumps are not enabled by default on client versions of Windows
#
# If you would like to submit a bug report, please visit:
#   http://bugreport.java.com/bugreport/crash.jsp
#

---------------  T H R E A D  ---------------

Current thread (0x000002286ebc1800):  JavaThread "JavaFX Application Thread" [_thread_in_native_trans, id=21464, stack(0x000000fefd500000,0x000000fefd600000)]

Stack: [0x000000fefd500000,0x000000fefd600000]
Native frames: (J=compiled Java code, j=interpreted, Vv=VM code, C=native code)
V  [jvm.dll+0x32ed79]
V  [jvm.dll+0x275722]
V  [jvm.dll+0x2763cd]
V  [jvm.dll+0x26c9f6]
V  [jvm.dll+0x221e1a]
V  [jvm.dll+0x237eec]
V  [jvm.dll+0x14e7b7]
C  [glass.dll+0x508c]
C  [glass.dll+0x9dd1]
C  [glass.dll+0xa204]
C  [glass.dll+0x17bb]
C  [USER32.dll+0x18241]
C  [USER32.dll+0x17d01]
C  [glass.dll+0xa6bd]
C  0x0000022853769fae

Java frames: (J=compiled Java code, j=interpreted, Vv=VM code)
j  com.sun.glass.ui.win.WinApplication._runLoop(Ljava/lang/Runnable;)V+0
j  com.sun.glass.ui.win.WinApplication.lambda$null$4(ILjava/lang/Runnable;)V+8
j  com.sun.glass.ui.win.WinApplication$$Lambda$38.run()V+12
j  java.lang.Thread.run()V+11
v  ~StubRoutines::call_stub

---------------  P R O C E S S  ---------------

Java Threads: ( => current thread )
  0x000002286f697800 JavaThread "Prism Font Disposer" daemon [_thread_blocked, id=4064, stack(0x000000fefdf00000,0x000000fefe000000)]
  0x000002286f111800 JavaThread "Abandoned connection cleanup thread" daemon [_thread_blocked, id=16632, stack(0x000000fefdb00000,0x000000fefdc00000)]
  0x000002286f0c5000 JavaThread "Thread-3" daemon [_thread_blocked, id=1332, stack(0x000000fefd900000,0x000000fefda00000)]
  0x000002286f0dc000 JavaThread "JavaFX-Launcher" [_thread_blocked, id=21076, stack(0x000000fefda00000,0x000000fefdb00000)]
=>0x000002286ebc1800 JavaThread "JavaFX Application Thread" [_thread_in_native_trans, id=21464, stack(0x000000fefd500000,0x000000fefd600000)]
  0x000002286ebb4800 JavaThread "Thread-1" daemon [_thread_blocked, id=13568, stack(0x000000fefd400000,0x000000fefd500000)]
  0x000002286eb15800 JavaThread "QuantumRenderer-0" daemon [_thread_blocked, id=3448, stack(0x000000fefd300000,0x000000fefd400000)]
  0x000002286e7f0800 JavaThread "Service Thread" daemon [_thread_blocked, id=1676, stack(0x000000fefd100000,0x000000fefd200000)]
  0x000002286d444000 JavaThread "C1 CompilerThread3" daemon [_thread_blocked, id=2628, stack(0x000000fefd000000,0x000000fefd100000)]
  0x000002286d442800 JavaThread "C2 CompilerThread2" daemon [_thread_blocked, id=12780, stack(0x000000fefcf00000,0x000000fefd000000)]
  0x000002286d440800 JavaThread "C2 CompilerThread1" daemon [_thread_blocked, id=12276, stack(0x000000fefce00000,0x000000fefcf00000)]
  0x000002286d43c800 JavaThread "C2 CompilerThread0" daemon [_thread_blocked, id=21136, stack(0x000000fefcd00000,0x000000fefce00000)]
  0x000002286d439800 JavaThread "Attach Listener" daemon [_thread_blocked, id=12008, stack(0x000000fefcc00000,0x000000fefcd00000)]
  0x000002286d438800 JavaThread "Signal Dispatcher" daemon [_thread_blocked, id=21388, stack(0x000000fefcb00000,0x000000fefcc00000)]
  0x000002286d417000 JavaThread "Finalizer" daemon [_thread_blocked, id=1328, stack(0x000000fefca00000,0x000000fefcb00000)]
  0x000002286c7f9000 JavaThread "Reference Handler" daemon [_thread_blocked, id=6484, stack(0x000000fefc900000,0x000000fefca00000)]
  0x0000022851d66000 JavaThread "main" [_thread_blocked, id=7832, stack(0x000000fefbf00000,0x000000fefc000000)]

Other Threads:
  0x000002286d3e2800 VMThread [stack: 0x000000fefc800000,0x000000fefc900000] [id=1124]
  0x000002286d4bd800 WatcherThread [stack: 0x000000fefd200000,0x000000fefd300000] [id=15084]

VM state:synchronizing (normal execution)

VM Mutex/Monitor currently owned by a thread:  ([mutex/lock_event])
[0x0000022851d60110] Threads_lock - owner thread: 0x000002286d3e2800

heap address: 0x00000006c2800000, size: 4056 MB, Compressed Oops mode: Zero based, Oop shift amount: 3
Narrow klass base: 0x0000000000000000, Narrow klass shift: 3
Compressed class space size: 1073741824 Address: 0x00000007c0000000

Heap:
 PSYoungGen      total 75776K, used 48274K [0x000000076b800000, 0x0000000770c80000, 0x00000007c0000000)
  eden space 65024K, 74% used [0x000000076b800000,0x000000076e724b38,0x000000076f780000)
  from space 10752K, 0% used [0x0000000770200000,0x0000000770200000,0x0000000770c80000)
  to   space 10752K, 0% used [0x000000076f780000,0x000000076f780000,0x0000000770200000)
 ParOldGen       total 173568K, used 0K [0x00000006c2800000, 0x00000006cd180000, 0x000000076b800000)
  object space 173568K, 0% used [0x00000006c2800000,0x00000006c2800000,0x00000006cd180000)
 Metaspace       used 19458K, capacity 20244K, committed 20352K, reserved 1067008K
  class space    used 2659K, capacity 2869K, committed 2944K, reserved 1048576K

Card table byte_map: [0x0000022862b10000,0x0000022863300000] byte_map_base: 0x000002285f4fc000

Marking Bits: (ParMarkBitMap*) 0x00000000653e7fe0
 Begin Bits: [0x0000022863850000, 0x00000228677b0000)
 End Bits:   [0x00000228677b0000, 0x000002286b710000)

Polling page: 0x0000022851e30000

CodeCache: size=245760Kb used=6241Kb max_used=6261Kb free=239518Kb
 bounds [0x0000022853750000, 0x0000022853d80000, 0x0000022862750000]
 total_blobs=2794 nmethods=2076 adapters=630
 compilation: enabled

Compilation events (10 events):
Event: 10.570 Thread 0x000002286d444000 2074       3       javafx.scene.control.SkinBase::snapSize (19 bytes)
Event: 10.571 Thread 0x000002286d444000 nmethod 2074 0x0000022853d63850 code [0x0000022853d63a00, 0x0000022853d63d50]
Event: 10.571 Thread 0x000002286d444000 2075       3       com.sun.javafx.text.PrismTextLayout::relayout (46 bytes)
Event: 10.571 Thread 0x000002286d444000 nmethod 2075 0x0000022853d63e90 code [0x0000022853d64000, 0x0000022853d64290]
Event: 10.571 Thread 0x000002286d444000 2072       1       javafx.geometry.Pos::getHpos (5 bytes)
Event: 10.571 Thread 0x000002286d444000 nmethod 2072 0x0000022853d5e550 code [0x0000022853d5e6a0, 0x0000022853d5e7b8]
Event: 10.571 Thread 0x000002286d444000 2076       3       com.sun.javafx.geom.Path2D::needRoom (137 bytes)
Event: 10.571 Thread 0x000002286d444000 nmethod 2076 0x0000022853d64350 code [0x0000022853d64520, 0x0000022853d64f50]
Event: 10.574 Thread 0x000002286d440800 nmethod 2031 0x0000022853d689d0 code [0x0000022853d68ba0, 0x0000022853d69608]
Event: 10.624 Thread 0x000002286d43c800 nmethod 2030 0x0000022853d6de10 code [0x0000022853d6e100, 0x0000022853d70380]

GC Heap History (0 events):
No events

Deoptimization events (10 events):
Event: 1.067 Thread 0x000002286ebc1800 Uncommon trap: reason=class_check action=maybe_recompile pc=0x0000022853a3ab28 method=java.io.DataInputStream.readShort()S @ 4
Event: 1.068 Thread 0x000002286ebc1800 Uncommon trap: reason=class_check action=maybe_recompile pc=0x0000022853a3ab28 method=java.io.DataInputStream.readShort()S @ 4
Event: 1.068 Thread 0x000002286ebc1800 Uncommon trap: reason=class_check action=maybe_recompile pc=0x0000022853a3ab28 method=java.io.DataInputStream.readShort()S @ 4
Event: 1.072 Thread 0x000002286ebc1800 Uncommon trap: reason=class_check action=maybe_recompile pc=0x00000228538dbd10 method=java.lang.String.equals(Ljava/lang/Object;)Z @ 8
Event: 1.072 Thread 0x000002286ebc1800 Uncommon trap: reason=class_check action=maybe_recompile pc=0x00000228538dbd10 method=java.lang.String.equals(Ljava/lang/Object;)Z @ 8
Event: 1.072 Thread 0x000002286ebc1800 Uncommon trap: reason=class_check action=maybe_recompile pc=0x00000228538dbd10 method=java.lang.String.equals(Ljava/lang/Object;)Z @ 8
Event: 1.076 Thread 0x000002286ebc1800 Uncommon trap: reason=class_check action=maybe_recompile pc=0x00000228538dbd10 method=java.lang.String.equals(Ljava/lang/Object;)Z @ 8
Event: 1.116 Thread 0x000002286ebc1800 Uncommon trap: reason=unstable_if action=reinterpret pc=0x0000022853a73a10 method=java.lang.String.regionMatches(ZILjava/lang/String;II)Z @ 123
Event: 1.234 Thread 0x000002286ebc1800 Uncommon trap: reason=unstable_if action=reinterpret pc=0x0000022853a7fb98 method=jdk.internal.org.objectweb.asm.Type.getArgumentsAndReturnSizes(Ljava/lang/String;)I @ 47
Event: 10.535 Thread 0x000002286ebc1800 Uncommon trap: reason=unstable_if action=reinterpret pc=0x0000022853cc6d14 method=javafx.scene.Node.updateLocalToParentTransform()V @ 4

Classes redefined (0 events):
No events

Internal exceptions (10 events):
Event: 0.869 Thread 0x000002286ebc1800 Exception <a 'java/lang/ArrayIndexOutOfBoundsException'> (0x000000076d47eab0) thrown at [C:\jenkins\workspace\8-2-build-windows-amd64-cygwin\jdk8u301\1513\hotspot\src\share\vm\runtime\sharedRuntime.cpp, line 609]
Event: 0.869 Thread 0x000002286ebc1800 Exception <a 'java/lang/ArrayIndexOutOfBoundsException'> (0x000000076d47f7a0) thrown at [C:\jenkins\workspace\8-2-build-windows-amd64-cygwin\jdk8u301\1513\hotspot\src\share\vm\runtime\sharedRuntime.cpp, line 609]
Event: 0.869 Thread 0x000002286ebc1800 Exception <a 'java/lang/ArrayIndexOutOfBoundsException'> (0x000000076d480b48) thrown at [C:\jenkins\workspace\8-2-build-windows-amd64-cygwin\jdk8u301\1513\hotspot\src\share\vm\runtime\sharedRuntime.cpp, line 609]
Event: 0.883 Thread 0x000002286ebc1800 Exception <a 'java/lang/ArrayIndexOutOfBoundsException'> (0x000000076d5157f8) thrown at [C:\jenkins\workspace\8-2-build-windows-amd64-cygwin\jdk8u301\1513\hotspot\src\share\vm\runtime\sharedRuntime.cpp, line 609]
Event: 0.937 Thread 0x000002286ebc1800 Exception <a 'java/io/FileNotFoundException'> (0x000000076d68bd98) thrown at [C:\jenkins\workspace\8-2-build-windows-amd64-cygwin\jdk8u301\1513\hotspot\src\share\vm\prims\jni.cpp, line 710]
Event: 0.942 Thread 0x000002286ebc1800 Exception <a 'java/io/FileNotFoundException'> (0x000000076d6c19b8) thrown at [C:\jenkins\workspace\8-2-build-windows-amd64-cygwin\jdk8u301\1513\hotspot\src\share\vm\prims\jni.cpp, line 710]
Event: 0.945 Thread 0x000002286ebc1800 Exception <a 'java/lang/ArrayIndexOutOfBoundsException'> (0x000000076d6dc488) thrown at [C:\jenkins\workspace\8-2-build-windows-amd64-cygwin\jdk8u301\1513\hotspot\src\share\vm\runtime\sharedRuntime.cpp, line 609]
Event: 0.947 Thread 0x000002286ebc1800 Exception <a 'java/io/FileNotFoundException'> (0x000000076d6e8d48) thrown at [C:\jenkins\workspace\8-2-build-windows-amd64-cygwin\jdk8u301\1513\hotspot\src\share\vm\prims\jni.cpp, line 710]
Event: 10.583 Thread 0x000002286ebc1800 Implicit null exception at 0x0000022853cdd26b to 0x0000022853cdd68b
Event: 10.583 Thread 0x000002286ebc1800 Exception <a 'java/lang/NullPointerException'> (0x000000076e5e7db8) thrown at [C:\jenkins\workspace\8-2-build-windows-amd64-cygwin\jdk8u301\1513\hotspot\src\share\vm\runtime\sharedRuntime.cpp, line 609]

Events (10 events):
Event: 10.544 loading class javafx/scene/layout/VBox$StyleableProperties$1
Event: 10.544 loading class javafx/scene/layout/VBox$StyleableProperties$1 done
Event: 10.544 loading class javafx/scene/layout/VBox$StyleableProperties$2
Event: 10.544 loading class javafx/scene/layout/VBox$StyleableProperties$2 done
Event: 10.544 loading class javafx/scene/layout/VBox$StyleableProperties$3
Event: 10.544 loading class javafx/scene/layout/VBox$StyleableProperties$3 done
Event: 10.569 loading class com/sun/javafx/font/PrismFontUtils
Event: 10.569 loading class com/sun/javafx/font/PrismFontUtils done
Event: 10.569 loading class com/sun/javafx/tk/FontMetrics
Event: 10.569 loading class com/sun/javafx/tk/FontMetrics done


Dynamic libraries:
0x00007ff6f2800000 - 0x00007ff6f2847000 	C:\Program Files\Java\jdk1.8.0_301\bin\java.exe
0x00007ffc722f0000 - 0x00007ffc72507000 	C:\WINDOWS\SYSTEM32\ntdll.dll
0x00007ffc71640000 - 0x00007ffc71704000 	C:\WINDOWS\System32\KERNEL32.DLL
0x00007ffc6f6f0000 - 0x00007ffc6fa96000 	C:\WINDOWS\System32\KERNELBASE.dll
0x00007ffc71340000 - 0x00007ffc713f0000 	C:\WINDOWS\System32\ADVAPI32.dll
0x00007ffc71cc0000 - 0x00007ffc71d67000 	C:\WINDOWS\System32\msvcrt.dll
0x00007ffc71290000 - 0x00007ffc71336000 	C:\WINDOWS\System32\sechost.dll
0x00007ffc719e0000 - 0x00007ffc71af7000 	C:\WINDOWS\System32\RPCRT4.dll
0x00007ffc72100000 - 0x00007ffc722ad000 	C:\WINDOWS\System32\USER32.dll
0x00007ffc6fe10000 - 0x00007ffc6fe36000 	C:\WINDOWS\System32\win32u.dll
0x00007ffc70380000 - 0x00007ffc703a9000 	C:\WINDOWS\System32\GDI32.dll
0x00007ffc6fbc0000 - 0x00007ffc6fcd8000 	C:\WINDOWS\System32\gdi32full.dll
0x00007ffc6ffb0000 - 0x00007ffc7004a000 	C:\WINDOWS\System32\msvcp_win.dll
0x00007ffc6faa0000 - 0x00007ffc6fbb1000 	C:\WINDOWS\System32\ucrtbase.dll
0x00007ffc5b000000 - 0x00007ffc5b293000 	C:\WINDOWS\WinSxS\amd64_microsoft.windows.common-controls_6595b64144ccf1df_6.0.22621.2361_none_2712ced57382f843\COMCTL32.dll
0x00007ffc702f0000 - 0x00007ffc70321000 	C:\WINDOWS\System32\IMM32.DLL
0x00007ffc67d20000 - 0x00007ffc67d35000 	C:\Program Files\Java\jdk1.8.0_301\jre\bin\vcruntime140.dll
0x00007ffbff6f0000 - 0x00007ffbff78b000 	C:\Program Files\Java\jdk1.8.0_301\jre\bin\msvcp140.dll
0x0000000064c00000 - 0x0000000065460000 	C:\Program Files\Java\jdk1.8.0_301\jre\bin\server\jvm.dll
0x00007ffc70830000 - 0x00007ffc70838000 	C:\WINDOWS\System32\PSAPI.DLL
0x00007ffc53f30000 - 0x00007ffc53f39000 	C:\WINDOWS\SYSTEM32\WSOCK32.dll
0x00007ffc67b60000 - 0x00007ffc67b94000 	C:\WINDOWS\SYSTEM32\WINMM.dll
0x00007ffc67f80000 - 0x00007ffc67f8a000 	C:\WINDOWS\SYSTEM32\VERSION.dll
0x00007ffc713f0000 - 0x00007ffc71461000 	C:\WINDOWS\System32\WS2_32.dll
0x00007ffc6e700000 - 0x00007ffc6e718000 	C:\WINDOWS\SYSTEM32\kernel.appcore.dll
0x00007ffc67d10000 - 0x00007ffc67d20000 	C:\Program Files\Java\jdk1.8.0_301\jre\bin\verify.dll
0x00007ffc4cab0000 - 0x00007ffc4cadb000 	C:\Program Files\Java\jdk1.8.0_301\jre\bin\java.dll
0x00007ffc44200000 - 0x00007ffc44218000 	C:\Program Files\Java\jdk1.8.0_301\jre\bin\zip.dll
0x00007ffc708a0000 - 0x00007ffc710f8000 	C:\WINDOWS\System32\SHELL32.dll
0x00007ffc6d590000 - 0x00007ffc6de82000 	C:\WINDOWS\SYSTEM32\windows.storage.dll
0x00007ffc71d70000 - 0x00007ffc720fa000 	C:\WINDOWS\System32\combase.dll
0x00007ffc6d450000 - 0x00007ffc6d58e000 	C:\WINDOWS\SYSTEM32\wintypes.dll
0x00007ffc701f0000 - 0x00007ffc702e3000 	C:\WINDOWS\System32\SHCORE.dll
0x00007ffc718d0000 - 0x00007ffc7192e000 	C:\WINDOWS\System32\shlwapi.dll
0x00007ffc6f5a0000 - 0x00007ffc6f5c6000 	C:\WINDOWS\SYSTEM32\profapi.dll
0x0000022851ec0000 - 0x0000022851ec3000 	C:\Program Files\Java\jdk1.8.0_301\jre\bin\api-ms-win-core-console-l1-1-0.dll
0x0000022851ed0000 - 0x0000022851ed3000 	C:\Program Files\Java\jdk1.8.0_301\jre\bin\api-ms-win-core-console-l1-2-0.dll
0x0000022851ee0000 - 0x0000022851ee3000 	C:\Program Files\Java\jdk1.8.0_301\jre\bin\api-ms-win-core-datetime-l1-1-0.dll
0x0000022851ef0000 - 0x0000022851ef3000 	C:\Program Files\Java\jdk1.8.0_301\jre\bin\api-ms-win-core-debug-l1-1-0.dll
0x0000022851f00000 - 0x0000022851f03000 	C:\Program Files\Java\jdk1.8.0_301\jre\bin\api-ms-win-core-errorhandling-l1-1-0.dll
0x0000022851f10000 - 0x0000022851f14000 	C:\Program Files\Java\jdk1.8.0_301\jre\bin\api-ms-win-core-file-l1-1-0.dll
0x0000022851f20000 - 0x0000022851f23000 	C:\Program Files\Java\jdk1.8.0_301\jre\bin\api-ms-win-core-file-l1-2-0.dll
0x0000022851f30000 - 0x0000022851f33000 	C:\Program Files\Java\jdk1.8.0_301\jre\bin\api-ms-win-core-file-l2-1-0.dll
0x0000022851f40000 - 0x0000022851f43000 	C:\Program Files\Java\jdk1.8.0_301\jre\bin\api-ms-win-core-handle-l1-1-0.dll
0x0000022851f50000 - 0x0000022851f53000 	C:\Program Files\Java\jdk1.8.0_301\jre\bin\api-ms-win-core-heap-l1-1-0.dll
0x0000022851f60000 - 0x0000022851f63000 	C:\Program Files\Java\jdk1.8.0_301\jre\bin\api-ms-win-core-interlocked-l1-1-0.dll
0x0000022851f70000 - 0x0000022851f73000 	C:\Program Files\Java\jdk1.8.0_301\jre\bin\api-ms-win-core-libraryloader-l1-1-0.dll
0x0000022851f80000 - 0x0000022851f83000 	C:\Program Files\Java\jdk1.8.0_301\jre\bin\api-ms-win-core-localization-l1-2-0.dll
0x0000022851f90000 - 0x0000022851f93000 	C:\Program Files\Java\jdk1.8.0_301\jre\bin\api-ms-win-core-memory-l1-1-0.dll
0x000002286ebe0000 - 0x000002286ebe3000 	C:\Program Files\Java\jdk1.8.0_301\jre\bin\api-ms-win-core-namedpipe-l1-1-0.dll
0x000002286ebf0000 - 0x000002286ebf3000 	C:\Program Files\Java\jdk1.8.0_301\jre\bin\api-ms-win-core-processenvironment-l1-1-0.dll
0x000002286ec00000 - 0x000002286ec03000 	C:\Program Files\Java\jdk1.8.0_301\jre\bin\api-ms-win-core-processthreads-l1-1-0.dll
0x000002286ec10000 - 0x000002286ec13000 	C:\Program Files\Java\jdk1.8.0_301\jre\bin\api-ms-win-core-processthreads-l1-1-1.dll
0x000002286ec20000 - 0x000002286ec23000 	C:\Program Files\Java\jdk1.8.0_301\jre\bin\api-ms-win-core-profile-l1-1-0.dll
0x000002286ec30000 - 0x000002286ec33000 	C:\Program Files\Java\jdk1.8.0_301\jre\bin\api-ms-win-core-rtlsupport-l1-1-0.dll
0x000002286ec40000 - 0x000002286ec43000 	C:\Program Files\Java\jdk1.8.0_301\jre\bin\api-ms-win-core-string-l1-1-0.dll
0x000002286ec50000 - 0x000002286ec53000 	C:\Program Files\Java\jdk1.8.0_301\jre\bin\api-ms-win-core-synch-l1-1-0.dll
0x000002286ec60000 - 0x000002286ec63000 	C:\Program Files\Java\jdk1.8.0_301\jre\bin\api-ms-win-core-synch-l1-2-0.dll
0x000002286ec70000 - 0x000002286ec73000 	C:\Program Files\Java\jdk1.8.0_301\jre\bin\api-ms-win-core-sysinfo-l1-1-0.dll
0x000002286ec80000 - 0x000002286ec83000 	C:\Program Files\Java\jdk1.8.0_301\jre\bin\api-ms-win-core-timezone-l1-1-0.dll
0x000002286ec90000 - 0x000002286ec93000 	C:\Program Files\Java\jdk1.8.0_301\jre\bin\api-ms-win-core-util-l1-1-0.dll
0x000002286eca0000 - 0x000002286eca3000 	C:\Program Files\Java\jdk1.8.0_301\jre\bin\api-ms-win-crt-conio-l1-1-0.dll
0x000002286ecb0000 - 0x000002286ecb4000 	C:\Program Files\Java\jdk1.8.0_301\jre\bin\api-ms-win-crt-convert-l1-1-0.dll
0x000002286ecc0000 - 0x000002286ecc3000 	C:\Program Files\Java\jdk1.8.0_301\jre\bin\api-ms-win-crt-environment-l1-1-0.dll
0x000002286ecd0000 - 0x000002286ecd3000 	C:\Program Files\Java\jdk1.8.0_301\jre\bin\api-ms-win-crt-filesystem-l1-1-0.dll
0x000002286ece0000 - 0x000002286ece3000 	C:\Program Files\Java\jdk1.8.0_301\jre\bin\api-ms-win-crt-heap-l1-1-0.dll
0x000002286ecf0000 - 0x000002286ecf3000 	C:\Program Files\Java\jdk1.8.0_301\jre\bin\api-ms-win-crt-locale-l1-1-0.dll
0x000002286ed00000 - 0x000002286ed05000 	C:\Program Files\Java\jdk1.8.0_301\jre\bin\api-ms-win-crt-math-l1-1-0.dll
0x000002286ed10000 - 0x000002286ed15000 	C:\Program Files\Java\jdk1.8.0_301\jre\bin\api-ms-win-crt-multibyte-l1-1-0.dll
0x000002286ed20000 - 0x000002286ed30000 	C:\Program Files\Java\jdk1.8.0_301\jre\bin\api-ms-win-crt-private-l1-1-0.dll
0x000002286ed30000 - 0x000002286ed33000 	C:\Program Files\Java\jdk1.8.0_301\jre\bin\api-ms-win-crt-process-l1-1-0.dll
0x000002286ed40000 - 0x000002286ed44000 	C:\Program Files\Java\jdk1.8.0_301\jre\bin\api-ms-win-crt-runtime-l1-1-0.dll
0x000002286ed50000 - 0x000002286ed54000 	C:\Program Files\Java\jdk1.8.0_301\jre\bin\api-ms-win-crt-stdio-l1-1-0.dll
0x000002286ed60000 - 0x000002286ed64000 	C:\Program Files\Java\jdk1.8.0_301\jre\bin\api-ms-win-crt-string-l1-1-0.dll
0x000002286ed70000 - 0x000002286ed73000 	C:\Program Files\Java\jdk1.8.0_301\jre\bin\api-ms-win-crt-time-l1-1-0.dll
0x000002286ed80000 - 0x000002286ed83000 	C:\Program Files\Java\jdk1.8.0_301\jre\bin\api-ms-win-crt-utility-l1-1-0.dll
0x00007ffc1ab00000 - 0x00007ffc1abfa000 	C:\Program Files\Java\jdk1.8.0_301\jre\bin\ucrtbase.dll
0x00007ffc6a540000 - 0x00007ffc6a54c000 	C:\Program Files\Java\jdk1.8.0_301\jre\bin\vcruntime140_1.dll
0x00007ffc67db0000 - 0x00007ffc67dd3000 	C:\Program Files\Java\jdk1.8.0_301\jre\bin\prism_d3d.dll
0x00007ffc60200000 - 0x00007ffc603a9000 	C:\WINDOWS\system32\d3d9.dll
0x00007ffc6cc10000 - 0x00007ffc6cc3b000 	C:\WINDOWS\SYSTEM32\dwmapi.dll
0x00007ffc6c8d0000 - 0x00007ffc6c906000 	C:\WINDOWS\SYSTEM32\dxcore.dll
0x00007ffc6c7f0000 - 0x00007ffc6c89b000 	C:\WINDOWS\system32\uxtheme.dll
0x00007ffbff4e0000 - 0x00007ffbff645000 	C:\WINDOWS\System32\DriverStore\FileRepository\iigd_dch.inf_amd64_034e16382545a6a5\igdumdim64.dll
0x00007ffc70050000 - 0x00007ffc701ef000 	C:\WINDOWS\System32\ole32.dll
0x00007ffbeba40000 - 0x00007ffbef661000 	C:\WINDOWS\System32\DriverStore\FileRepository\iigd_dch.inf_amd64_034e16382545a6a5\igd9dxva64.dll
0x00007ffc71190000 - 0x00007ffc71267000 	C:\WINDOWS\System32\OLEAUT32.dll
0x00007ffc703b0000 - 0x00007ffc70824000 	C:\WINDOWS\System32\SETUPAPI.dll
0x00007ffc6f360000 - 0x00007ffc6f3ae000 	C:\WINDOWS\SYSTEM32\cfgmgr32.dll
0x00007ffc64010000 - 0x00007ffc643dd000 	C:\WINDOWS\System32\DriverStore\FileRepository\iigd_dch.inf_amd64_034e16382545a6a5\igdgmm64.dll
0x00007ffc6a4e0000 - 0x00007ffc6a52a000 	C:\WINDOWS\SYSTEM32\directxdatabasehelper.dll
0x00007ffc43d10000 - 0x00007ffc43d52000 	C:\Program Files\Java\jdk1.8.0_301\jre\bin\glass.dll
0x00007ffc71b30000 - 0x00007ffc71c29000 	C:\WINDOWS\System32\COMDLG32.dll
0x00007ffc71470000 - 0x00007ffc715bc000 	C:\WINDOWS\System32\MSCTF.dll
0x00007ffc6f670000 - 0x00007ffc6f6ea000 	C:\WINDOWS\System32\bcryptPrimitives.dll
0x00007ffc67d40000 - 0x00007ffc67d67000 	C:\WINDOWS\System32\DriverStore\FileRepository\iigd_dch.inf_amd64_034e16382545a6a5\igdinfo64.dll
0x00007ffc612c0000 - 0x00007ffc64007000 	C:\WINDOWS\System32\DriverStore\FileRepository\iigd_dch.inf_amd64_034e16382545a6a5\igc64.dll
0x00007ffc432b0000 - 0x00007ffc432cc000 	C:\Program Files\Java\jdk1.8.0_301\jre\bin\net.dll
0x00007ffc6ebe0000 - 0x00007ffc6ec49000 	C:\WINDOWS\system32\mswsock.dll
0x00007ffc6e1d0000 - 0x00007ffc6e2c9000 	C:\WINDOWS\SYSTEM32\DNSAPI.dll
0x00007ffc6e1a0000 - 0x00007ffc6e1cd000 	C:\WINDOWS\SYSTEM32\IPHLPAPI.DLL
0x00007ffc71630000 - 0x00007ffc71639000 	C:\WINDOWS\System32\NSI.dll
0x00007ffc64e10000 - 0x00007ffc64e1a000 	C:\Windows\System32\rasadhlp.dll
0x00007ffc65140000 - 0x00007ffc651c4000 	C:\WINDOWS\System32\fwpuclnt.dll
0x00007ffc67d90000 - 0x00007ffc67da4000 	C:\Program Files\Java\jdk1.8.0_301\jre\bin\javafx_font.dll
0x00007ffc6b310000 - 0x00007ffc6b583000 	C:\WINDOWS\SYSTEM32\dwrite.dll
0x00007ffc71930000 - 0x00007ffc719e0000 	C:\WINDOWS\System32\clbcatq.dll
0x00007ffc6ac80000 - 0x00007ffc6ae30000 	C:\WINDOWS\SYSTEM32\WindowsCodecs.dll
0x00007ffc36960000 - 0x00007ffc369be000 	C:\WINDOWS\system32\dataexchange.dll
0x00007ffc66fa0000 - 0x00007ffc67225000 	C:\WINDOWS\system32\twinapi.appcore.dll
0x00007ffc43cd0000 - 0x00007ffc43d02000 	C:\Program Files\Common Files\Microsoft Shared\Ink\rtscom.dll
0x00007ffc59de0000 - 0x00007ffc59f2a000 	C:\WINDOWS\SYSTEM32\textinputframework.dll
0x00007ffc6c450000 - 0x00007ffc6c583000 	C:\WINDOWS\SYSTEM32\CoreMessaging.dll
0x00007ffc69df0000 - 0x00007ffc6a15c000 	C:\WINDOWS\SYSTEM32\CoreUIComponents.dll
0x00007ffc6ee10000 - 0x00007ffc6ee1c000 	C:\WINDOWS\SYSTEM32\CRYPTBASE.DLL
0x00007ffc3ace0000 - 0x00007ffc3b125000 	C:\WINDOWS\SYSTEM32\UIAutomationCore.DLL
0x00007ffc48600000 - 0x00007ffc486aa000 	C:\Windows\System32\OneCoreCommonProxyStub.dll
0x00007ffc43cb0000 - 0x00007ffc43cc2000 	C:\Program Files\Java\jdk1.8.0_301\jre\bin\prism_common.dll
0x00007ffc6cf80000 - 0x00007ffc6d1ae000 	C:\WINDOWS\SYSTEM32\dbghelp.dll

VM Arguments:
jvm_args: -Dfile.encoding=UTF-8 
java_command: tn.edu.forgreenerindustry.gui.NewFXMain
java_class_path (initial): C:\Program Files\NetBeans 8.2\ide\modules\ext\mysql-connector-java-5.1.23-bin.jar;C:\Users\shadha\Desktop\interface\aaa 2\aaa\forgreenerindustry\build\classes
Launcher Type: SUN_STANDARD

Environment Variables:
JAVA_HOME=C:\Program files\JDK-17
PATH=C:\Program Files (x86)\VMware\VMware Player\bin\;C:\Program Files\Common Files\Oracle\Java\javapath;C:\Program Files (x86)\Common Files\Oracle\Java\javapath;C:\oraclexe\app\oracle\product\11.2.0\server\bin;C:\Windows\system32;C:\Windows;C:\Windows\System32\Wbem;C:\Windows\System32\WindowsPowerShell\v1.0\;C:\Windows\System32\OpenSSH\;C:\Program Files (x86)\NVIDIA Corporation\PhysX\Common;C:\Program Files\NVIDIA Corporation\NVIDIA NvDLISR;C:\WINDOWS\system32;C:\WINDOWS;C:\WINDOWS\System32\Wbem;C:\WINDOWS\System32\WindowsPowerShell\v1.0\;C:\WINDOWS\System32\OpenSSH\;C:\Program Files\Git\cmd;C:\Program Files (x86)\Windows Kits\10\Windows Performance Toolkit\;C:\composer;C:\Users\shadha\scoop\shims;C:\Users\shadha\AppData\Local\Microsoft\WindowsApps;C:\Users\shadha\AppData\Local\Programs\Microsoft VS Code\bin;C:\dart-sdk\bin;C:\src\flutter\bin;C:\Program Files\heroku\bin;C:\Program Files\JetBrains\IntelliJ IDEA 2023.2.1\bin;;C:\Program files\JDK-17\bin;C:\xampp\php;C:\Users\shadha\AppData\Roaming\Composer\vendor\bin
USERNAME=shadha
OS=Windows_NT
PROCESSOR_IDENTIFIER=Intel64 Family 6 Model 165 Stepping 2, GenuineIntel



---------------  S Y S T E M  ---------------

OS: Windows 10.0 , 64 bit Build 22621 (10.0.22621.2428)

CPU:total 8 (initial active 8) (4 cores per cpu, 2 threads per core) family 6 model 165 stepping 2, cmov, cx8, fxsr, mmx, sse, sse2, sse3, ssse3, sse4.1, sse4.2, popcnt, avx, avx2, aes, clmul, erms, 3dnowpref, lzcnt, ht, tsc, tscinvbit, bmi1, bmi2, adx

Memory: 4k page, physical 16611092k(7692708k free), swap 19756820k(7062860k free)

vm_info: Java HotSpot(TM) 64-Bit Server VM (25.301-b09) for windows-amd64 JRE (1.8.0_301-b09), built on Jun  9 2021 06:46:21 by "java_re" with MS VC++ 15.9 (VS2017)

time: Mon Oct 23 17:35:06 2023
timezone: W. Central Africa Standard Time
elapsed time: 12.670408 seconds (0d 0h 0m 12s)

